# Info: [9566]: Logging project transcript to file G:/CAD/cad_lib/ps/processor/processor_impl_1/precision.log
# Info: [9566]: Logging suppressed messages transcript to file G:/CAD/cad_lib/ps/processor/processor_impl_1/precision.log.suppressed
# Info: [9550]: Activated implementation processor_impl_1 in project G:/CAD/cad_lib/ps/processor/processor.psp.
new_impl -name processor_impl_1
# Info: [15298]: Setting up the design to use synthesis library "xis6.syn"
# Info: [574]: The global max fanout is currently set to 10000 for Xilinx - SPARTAN6.
# Info: [15324]: Setting Part to: "6SLX16CSG324".
# Info: [15325]: Setting Process to: "3".
# Warning: [557]: transform_tristates option is set to value all internally for the current technology.
# Info: [7512]: The place and route tool for current technology is ISE.
# Info: [3022]: Reading file: C:/MentorGraphics/PS2015.2.10_64-bit/Mgc_home/pkgs/psr/techlibs/xis6.syn.
# Info: [633]: Loading library initialization file C:/MentorGraphics/PS2015.2.10_64-bit/Mgc_home/pkgs/psr/userware/xilinx_rename.tcl
# Info: XILINX
# Info: [40000]: vhdlorder, Release 2015b.9
# Info: [40000]: Files sorted successfully.
# Info: [40000]: hdl-analyze, Release RTLC-Precision 2015b.9
# Info: [42502]: Analyzing input file "G:/CAD/cad_lib/hdl/RV32I_pkg.vhd" ...
# Info: [42502]: Analyzing input file "G:/CAD/cad_lib/hdl/Arbiter_entity.vhd" ...
# Info: [42502]: Analyzing input file "G:/CAD/cad_lib/hdl/De_Control_entity.vhd" ...
# Info: [42502]: Analyzing input file "G:/CAD/cad_lib/hdl/decoder_entity.vhd" ...
# Info: [42502]: Analyzing input file "G:/CAD/cad_lib/hdl/Mux2_entity.vhd" ...
# Info: [42502]: Analyzing input file "G:/CAD/cad_lib/hdl/Decoder_stage_entity.vhd" ...
# Info: [42502]: Analyzing input file "G:/CAD/cad_lib/hdl/Alu_op_pkg.vhd" ...
# Info: [42502]: Analyzing input file "G:/CAD/cad_lib/hdl/ALU_entity.vhd" ...
# Info: [42502]: Analyzing input file "G:/CAD/cad_lib/hdl/Alu_control_entity.vhd" ...
# Info: [42502]: Analyzing input file "G:/CAD/cad_lib/hdl/Compare_entity.vhd" ...
# Info: [42502]: Analyzing input file "G:/CAD/cad_lib/hdl/Ex_controller_entity.vhd" ...
# Info: [42502]: Analyzing input file "G:/CAD/cad_lib/hdl/Mux4_entity.vhd" ...
# Info: [42502]: Analyzing input file "G:/CAD/cad_lib/hdl/Reg_entity.vhd" ...
# Info: [42502]: Analyzing input file "G:/CAD/cad_lib/hdl/Fun_reg_entity.vhd" ...
# Info: [42502]: Analyzing input file "G:/CAD/cad_lib/hdl/Execute_stage_entity.vhd" ...
# Error: [42605]: "G:/CAD/cad_lib/hdl/Execute_stage_entity.vhd", line 54: Generic and Generic Map does not match
# Error: [40008]: HDL analysis failed.
# Info:  HDL Designer Synthesis run finished
source G:/CAD/cad_lib/ps/processor/hds/precision.tcl
# COMMAND: exit -force
# Warning: [9526]: Discarded unsaved work in implementation processor_impl_1.
# Info: [9565]: Appending project transcript to file G:/CAD/cad_lib/ps/processor/processor_impl_1/precision.log
# Info: [9565]: Appending suppressed messages transcript to file G:/CAD/cad_lib/ps/processor/processor_impl_1/precision.log.suppressed
# Info: [9550]: Activated implementation processor_impl_1 in project G:/CAD/cad_lib/ps/processor/processor.psp.
# Info: [9531]: Created directory: G:/CAD/cad_lib/ps/processor/processor_impl_2.
# Info: [9554]: Created implementation processor_impl_2 in project G:/CAD/cad_lib/ps/processor/processor.psp.
