# Info: [9569]: Logging session transcript to file C:/MentorGraphics/bin/precision.log
//  Precision RTL Synthesis 64-bit 2018.1.0.19 (Production Release) Fri Aug 10 05:55:53 PDT 2018
//  
//  Copyright (c) Mentor Graphics Corporation, 1996-2018, All Rights Reserved.
//             Portions copyright 1991-2008 Compuware Corporation
//                       UNPUBLISHED, LICENSED SOFTWARE.
//            CONFIDENTIAL AND PROPRIETARY INFORMATION WHICH IS THE
//          PROPERTY OF MENTOR GRAPHICS CORPORATION OR ITS LICENSORS
//  
//  Running on Windows 10 Xiaoxi Lin@DESKTOP-A0VSQRS  10.0.17763 x64
//  
//  Start time Mon Apr 15 10:16:52 2019
# -------------------------------------------------
# Info: [9569]: Logging session transcript to file C:/MentorGraphics/bin/precision.log
# COMMAND: source D:/CAD/cad_lib/ps/Reg_tracker/hds/precision.tcl
# Info: HDL Designer Synthesis run started
# Info: [9577]: Input directory: D:/CAD/cad_lib/ps/Reg_tracker
# Info: [9572]: Moving session transcript to file D:/CAD/cad_lib/ps/Reg_tracker/precision.log
# Info: [9558]: Created project D:/CAD/cad_lib/ps/Reg_tracker/Reg_tracker.psp in folder D:/CAD/cad_lib/ps/Reg_tracker.
# Warning: [9508]: Results directory is not set. Use new_project, open_project, or set_results_dir.
# Info: [9531]: Created directory: D:/CAD/cad_lib/ps/Reg_tracker/Reg_tracker_impl_1.
# Info: [9557]: Created implementation Reg_tracker_impl_1 in project D:/CAD/cad_lib/ps/Reg_tracker/Reg_tracker.psp.
# Info: [9578]: The Results Directory has been set to: D:/CAD/cad_lib/ps/Reg_tracker/Reg_tracker_impl_1/
# Info: [9569]: Logging project transcript to file D:/CAD/cad_lib/ps/Reg_tracker/Reg_tracker_impl_1/precision.log
# Info: [9569]: Logging suppressed messages transcript to file D:/CAD/cad_lib/ps/Reg_tracker/Reg_tracker_impl_1/precision.log.suppressed
# Info: [9552]: Activated implementation Reg_tracker_impl_1 in project D:/CAD/cad_lib/ps/Reg_tracker/Reg_tracker.psp.
new_impl -name Reg_tracker_impl_1
# Info: [15300]: Setting up the design to use synthesis library "xis6.syn"
# Info: [580]: The global max fanout is currently set to 10000 for Xilinx - SPARTAN6.
# Info: [15326]: Setting Part to: "6SLX16CSG324".
# Info: [15327]: Setting Process to: "3".
# Info: [7512]: The place and route tool for current technology is ISE.
# Info: [3022]: Reading file: C:/MentorGraphics/PS2018.1_64-bit/Mgc_home/pkgs/psr/techlibs/xis6.syn.
# Info: [639]: Loading library initialization file C:/MentorGraphics/PS2018.1_64-bit/Mgc_home/pkgs/psr/userware/xilinx_rename.tcl
# Info: XILINX
# Info: [40000]: vhdlorder, Release 2018a.17
# Info: [40000]: Files sorted successfully.
# Info: [40000]: hdl-analyze, Release RTLC-Precision 2018a.17
# Info: [42502]: Analyzing input file "D:/CAD/cad_lib/hdl/Reg_tracker_entity.vhd" ...
# Error: [42730]: "D:/CAD/cad_lib/hdl/Reg_tracker_entity.vhd", line 17: Design Unit Behavior not found in logical library work
# Error: [40008]: HDL analysis failed.
# Info: HDL Designer Synthesis run finished
source D:/CAD/cad_lib/ps/Reg_tracker/hds/precision.tcl
# COMMAND: exit -force
# Warning: [9526]: Discarded unsaved work in implementation Reg_tracker_impl_1.
# Info: [9530]: Closed project: D:/CAD/cad_lib/ps/Reg_tracker/Reg_tracker.psp.
close_project -discard
exit -force
