# Info: [9569]: Logging project transcript to file D:/CAD/cad_lib/ps/Decoder_Behavior/Decoder_Behavior_impl_11/precision.log
# Info: [9569]: Logging suppressed messages transcript to file D:/CAD/cad_lib/ps/Decoder_Behavior/Decoder_Behavior_impl_11/precision.log.suppressed
# Info: [9552]: Activated implementation Decoder_Behavior_impl_11 in project D:/CAD/cad_lib/ps/Decoder_Behavior/Decoder_Behavior.psp.
# Info: [15300]: Setting up the design to use synthesis library "maxv.syn"
# Info: [580]: The global max fanout is currently set to 1000 for Altera - MAX V .
# Info: [15326]: Setting Part to: "5M2210ZF324A".
# Info: [15327]: Setting Process to: "5".
# Info: [3022]: Reading file: C:/MentorGraphics/PS2018.1_64-bit/Mgc_home/pkgs/psr/techlibs/maxv.syn.
# Info: [639]: Loading library initialization file C:/MentorGraphics/PS2018.1_64-bit/Mgc_home/pkgs/psr/userware/yeager_rename.tcl
# Info: [40000]: vhdlorder, Release 2018a.17
# Info: [40000]: Files sorted successfully.
# Info: [40000]: hdl-analyze, Release RTLC-Precision 2018a.17
# Info: [42502]: Analyzing input file "D:/CAD/cad_lib/hdl/RV32I_pkg.vhd" ...
# Info: [42502]: Analyzing input file "D:/CAD/cad_lib/hdl/decoder_entity.vhd" ...
# Error: [42549]: "D:/CAD/cad_lib/hdl/decoder_entity.vhd", line 29: Either Type mismatch or no visible function for this case
# Error: [40008]: HDL analysis failed.
# Info: HDL Designer Synthesis run finished
source D:/CAD/cad_lib/ps/Decoder_Behavior/hds/precision.tcl
# COMMAND: exit -force
# Warning: [9526]: Discarded unsaved work in implementation Decoder_Behavior_impl_11.
# Info: [9568]: Appending project transcript to file D:/CAD/cad_lib/ps/Decoder_Behavior/Decoder_Behavior_impl_11/precision.log
# Info: [9568]: Appending suppressed messages transcript to file D:/CAD/cad_lib/ps/Decoder_Behavior/Decoder_Behavior_impl_11/precision.log.suppressed
# Info: [9552]: Activated implementation Decoder_Behavior_impl_11 in project D:/CAD/cad_lib/ps/Decoder_Behavior/Decoder_Behavior.psp.
# Info: [9531]: Created directory: D:/CAD/cad_lib/ps/Decoder_Behavior/Decoder_Behavior_impl_12.
# Info: [9557]: Created implementation Decoder_Behavior_impl_12 in project D:/CAD/cad_lib/ps/Decoder_Behavior/Decoder_Behavior.psp.
