# Info: [9569]: Logging project transcript to file D:/CAD/cad_lib/ps/RegisterFile_Structure/RegisterFile_Structure_impl_7/precision.log
# Info: [9569]: Logging suppressed messages transcript to file D:/CAD/cad_lib/ps/RegisterFile_Structure/RegisterFile_Structure_impl_7/precision.log.suppressed
# Info: [9552]: Activated implementation RegisterFile_Structure_impl_7 in project D:/CAD/cad_lib/ps/RegisterFile_Structure/RegisterFile_Structure.psp.
# Info: [15300]: Setting up the design to use synthesis library "xis6.syn"
# Info: [580]: The global max fanout is currently set to 10000 for Xilinx - SPARTAN6.
# Info: [15326]: Setting Part to: "6SLX16CSG324".
# Info: [15327]: Setting Process to: "3".
# Info: [7512]: The place and route tool for current technology is ISE.
# Info: [3022]: Reading file: C:/MentorGraphics/PS2018.1_64-bit/Mgc_home/pkgs/psr/techlibs/xis6.syn.
# Info: [639]: Loading library initialization file C:/MentorGraphics/PS2018.1_64-bit/Mgc_home/pkgs/psr/userware/xilinx_rename.tcl
# Info: XILINX
# Info: [40000]: vhdlorder, Release 2018a.17
# Info: [40000]: Files sorted successfully.
# Info: [40000]: hdl-analyze, Release RTLC-Precision 2018a.17
# Info: [42502]: Analyzing input file "D:/CAD/cad_lib/hdl/Reg_dec_entity.vhd" ...
# Info: [42502]: Analyzing input file "D:/CAD/cad_lib/hdl/Mux32_entity.vhd" ...
# Info: [42502]: Analyzing input file "D:/CAD/cad_lib/hdl/Mux2_entity.vhd" ...
# Info: [42502]: Analyzing input file "D:/CAD/cad_lib/hdl/Reg_entity.vhd" ...
# Info: [42502]: Analyzing input file "D:/CAD/cad_lib/hdl/RegisterFile_entity.vhd" ...
# Info: [662]: Current working directory: D:/CAD/cad_lib/ps/RegisterFile_Structure/RegisterFile_Structure_impl_7.
# Info: [40000]: RTLC-Driver, Release RTLC-Precision 2018a.17
# Info: [40000]: Last compiled on Jun 28 2018 15:32:49
# Info: [44512]: Initializing...
# Info: [44504]: Partitioning design ....
# Info: [40000]: RTLCompiler, Release RTLC-Precision 2018a.17
# Info: [40000]: Last compiled on Jun 28 2018 15:52:40
# Info: [44512]: Initializing...
# Info: [44522]: Root Module work.RegisterFile(Structure): Pre-processing...
# Info: [44506]: Module work.Reg_dec(Behavior): Pre-processing...
# Info: [44506]: Module work.Reg(Behavior){generic map (width => 32)}: Pre-processing...
# Info: [44506]: Module work.Mux32(Behavior): Pre-processing...
# Info: [44506]: Module work.Mux2(Behavior){generic map (width => 32)}: Pre-processing...
# Warning: [45729]: "D:/CAD/cad_lib/hdl/RegisterFile_entity.vhd", line 22: signal WriteDC[0] has never been used.
# Warning: [45730]: "D:/CAD/cad_lib/hdl/RegisterFile_entity.vhd", line 22: signal mQr[31:0] has no drivers, will be treated as don't care.
# Warning: [45730]: "D:/CAD/cad_lib/hdl/RegisterFile_entity.vhd", line 22: signal mQr2[31:0] has no drivers, will be treated as don't care.
# Info: [44508]: Module work.Reg_dec(Behavior): Compiling...
# Info: [44508]: Module work.Reg(Behavior){generic map (width => 32)}: Compiling...
# Info: [44508]: Module work.Mux32(Behavior): Compiling...
# Info: [44508]: Module work.Mux2(Behavior){generic map (width => 32)}: Compiling...
# Info: [44523]: Root Module work.RegisterFile(Structure): Compiling...
# Warning: [45438]: Module work.RegisterFile(Structure), Instance MUX3, Net(s) In_1[0]: This input has no drivers, driving zero.
# Warning: [45438]: Module work.RegisterFile(Structure), Instance MUX3, Net(s) In_1[1]: This input has no drivers, driving zero.
# Warning: [45438]: Module work.RegisterFile(Structure), Instance MUX3, Net(s) In_1[2]: This input has no drivers, driving zero.
# Warning: [45438]: Module work.RegisterFile(Structure), Instance MUX3, Net(s) In_1[3]: This input has no drivers, driving zero.
# Warning: [45438]: Module work.RegisterFile(Structure), Instance MUX3, Net(s) In_1[4]: This input has no drivers, driving zero.
# Warning: [45438]: Module work.RegisterFile(Structure), Instance MUX3, Net(s) In_1[5]: This input has no drivers, driving zero.
# Warning: [45438]: Module work.RegisterFile(Structure), Instance MUX3, Net(s) In_1[6]: This input has no drivers, driving zero.
# Warning: [45438]: Module work.RegisterFile(Structure), Instance MUX3, Net(s) In_1[7]: This input has no drivers, driving zero.
# Warning: [45438]: Module work.RegisterFile(Structure), Instance MUX3, Net(s) In_1[8]: This input has no drivers, driving zero.
# Warning: [45438]: Module work.RegisterFile(Structure), Instance MUX3, Net(s) In_1[9]: This input has no drivers, driving zero.
# Warning: [45438]: Module work.RegisterFile(Structure), Instance MUX3, Net(s) In_1[10]: This input has no drivers, driving zero.
# Warning: [45438]: Module work.RegisterFile(Structure), Instance MUX3, Net(s) In_1[11]: This input has no drivers, driving zero.
# Warning: [45438]: Module work.RegisterFile(Structure), Instance MUX3, Net(s) In_1[12]: This input has no drivers, driving zero.
# Warning: [45438]: Module work.RegisterFile(Structure), Instance MUX3, Net(s) In_1[13]: This input has no drivers, driving zero.
# Warning: [45438]: Module work.RegisterFile(Structure), Instance MUX3, Net(s) In_1[14]: This input has no drivers, driving zero.
# Warning: [45438]: Module work.RegisterFile(Structure), Instance MUX3, Net(s) In_1[15]: This input has no drivers, driving zero.
# Warning: [45438]: Module work.RegisterFile(Structure), Instance MUX3, Net(s) In_1[16]: This input has no drivers, driving zero.
# Warning: [45438]: Module work.RegisterFile(Structure), Instance MUX3, Net(s) In_1[17]: This input has no drivers, driving zero.
# Warning: [45438]: Module work.RegisterFile(Structure), Instance MUX3, Net(s) In_1[18]: This input has no drivers, driving zero.
# Warning: [45438]: Module work.RegisterFile(Structure), Instance MUX3, Net(s) In_1[19]: This input has no drivers, driving zero.
# Warning: [45438]: Module work.RegisterFile(Structure), Instance MUX3, Net(s) In_1[20]: This input has no drivers, driving zero.
# Warning: [45438]: Module work.RegisterFile(Structure), Instance MUX3, Net(s) In_1[21]: This input has no drivers, driving zero.
# Warning: [45438]: Module work.RegisterFile(Structure), Instance MUX3, Net(s) In_1[22]: This input has no drivers, driving zero.
# Warning: [45438]: Module work.RegisterFile(Structure), Instance MUX3, Net(s) In_1[23]: This input has no drivers, driving zero.
# Warning: [45438]: Module work.RegisterFile(Structure), Instance MUX3, Net(s) In_1[24]: This input has no drivers, driving zero.
# Warning: [45438]: Module work.RegisterFile(Structure), Instance MUX3, Net(s) In_1[25]: This input has no drivers, driving zero.
# Warning: [45438]: Module work.RegisterFile(Structure), Instance MUX3, Net(s) In_1[26]: This input has no drivers, driving zero.
# Warning: [45438]: Module work.RegisterFile(Structure), Instance MUX3, Net(s) In_1[27]: This input has no drivers, driving zero.
# Warning: [45438]: Module work.RegisterFile(Structure), Instance MUX3, Net(s) In_1[28]: This input has no drivers, driving zero.
# Warning: [45438]: Module work.RegisterFile(Structure), Instance MUX3, Net(s) In_1[29]: This input has no drivers, driving zero.
# Warning: [45438]: Module work.RegisterFile(Structure), Instance MUX3, Net(s) In_1[30]: This input has no drivers, driving zero.
# Warning: [45438]: Module work.RegisterFile(Structure), Instance MUX3, Net(s) In_1[31]: This input has no drivers, driving zero.
# Warning: [45438]: Module work.RegisterFile(Structure), Instance MUX4, Net(s) In_1[0]: This input has no drivers, driving zero.
# Warning: [45438]: Module work.RegisterFile(Structure), Instance MUX4, Net(s) In_1[1]: This input has no drivers, driving zero.
# Warning: [45438]: Module work.RegisterFile(Structure), Instance MUX4, Net(s) In_1[2]: This input has no drivers, driving zero.
# Warning: [45438]: Module work.RegisterFile(Structure), Instance MUX4, Net(s) In_1[3]: This input has no drivers, driving zero.
# Warning: [45438]: Module work.RegisterFile(Structure), Instance MUX4, Net(s) In_1[4]: This input has no drivers, driving zero.
# Warning: [45438]: Module work.RegisterFile(Structure), Instance MUX4, Net(s) In_1[5]: This input has no drivers, driving zero.
# Warning: [45438]: Module work.RegisterFile(Structure), Instance MUX4, Net(s) In_1[6]: This input has no drivers, driving zero.
# Warning: [45438]: Module work.RegisterFile(Structure), Instance MUX4, Net(s) In_1[7]: This input has no drivers, driving zero.
# Warning: [45438]: Module work.RegisterFile(Structure), Instance MUX4, Net(s) In_1[8]: This input has no drivers, driving zero.
# Warning: [45438]: Module work.RegisterFile(Structure), Instance MUX4, Net(s) In_1[9]: This input has no drivers, driving zero.
# Warning: [45438]: Module work.RegisterFile(Structure), Instance MUX4, Net(s) In_1[10]: This input has no drivers, driving zero.
# Warning: [45438]: Module work.RegisterFile(Structure), Instance MUX4, Net(s) In_1[11]: This input has no drivers, driving zero.
# Warning: [45438]: Module work.RegisterFile(Structure), Instance MUX4, Net(s) In_1[12]: This input has no drivers, driving zero.
# Warning: [45438]: Module work.RegisterFile(Structure), Instance MUX4, Net(s) In_1[13]: This input has no drivers, driving zero.
# Warning: [45438]: Module work.RegisterFile(Structure), Instance MUX4, Net(s) In_1[14]: This input has no drivers, driving zero.
# Warning: [45438]: Module work.RegisterFile(Structure), Instance MUX4, Net(s) In_1[15]: This input has no drivers, driving zero.
# Warning: [45438]: Module work.RegisterFile(Structure), Instance MUX4, Net(s) In_1[16]: This input has no drivers, driving zero.
# Warning: [45438]: Module work.RegisterFile(Structure), Instance MUX4, Net(s) In_1[17]: This input has no drivers, driving zero.
# Warning: [45438]: Module work.RegisterFile(Structure), Instance MUX4, Net(s) In_1[18]: This input has no drivers, driving zero.
# Warning: [45438]: Module work.RegisterFile(Structure), Instance MUX4, Net(s) In_1[19]: This input has no drivers, driving zero.
# Warning: [45438]: Module work.RegisterFile(Structure), Instance MUX4, Net(s) In_1[20]: This input has no drivers, driving zero.
# Warning: [45438]: Module work.RegisterFile(Structure), Instance MUX4, Net(s) In_1[21]: This input has no drivers, driving zero.
# Warning: [45438]: Module work.RegisterFile(Structure), Instance MUX4, Net(s) In_1[22]: This input has no drivers, driving zero.
# Warning: [45438]: Module work.RegisterFile(Structure), Instance MUX4, Net(s) In_1[23]: This input has no drivers, driving zero.
# Warning: [45438]: Module work.RegisterFile(Structure), Instance MUX4, Net(s) In_1[24]: This input has no drivers, driving zero.
# Warning: [45438]: Module work.RegisterFile(Structure), Instance MUX4, Net(s) In_1[25]: This input has no drivers, driving zero.
# Warning: [45438]: Module work.RegisterFile(Structure), Instance MUX4, Net(s) In_1[26]: This input has no drivers, driving zero.
# Warning: [45438]: Module work.RegisterFile(Structure), Instance MUX4, Net(s) In_1[27]: This input has no drivers, driving zero.
# Warning: [45438]: Module work.RegisterFile(Structure), Instance MUX4, Net(s) In_1[28]: This input has no drivers, driving zero.
# Warning: [45438]: Module work.RegisterFile(Structure), Instance MUX4, Net(s) In_1[29]: This input has no drivers, driving zero.
# Warning: [45438]: Module work.RegisterFile(Structure), Instance MUX4, Net(s) In_1[30]: This input has no drivers, driving zero.
# Warning: [45438]: Module work.RegisterFile(Structure), Instance MUX4, Net(s) In_1[31]: This input has no drivers, driving zero.
# Info: [44842]: Compilation successfully completed.
# Info: [44856]: Total lines of RTL compiled: 982.
# Info: [44835]: Total CPU time for compilation: 2.2 secs.
# Info: [44513]: Overall running time for compilation: 4.0 secs.
# Info: [662]: Current working directory: D:/CAD/cad_lib/ps/RegisterFile_Structure/RegisterFile_Structure_impl_7.
# Error: Net is driven by multiple primitive gates --  NET: Qr(31)
# Info:  PORT d OF BLOCK: work/Mux32/Behavior
# Info:  PORT Q(31) OF BLOCK: work/RegisterFile/Structure
# Info:  PORT out OF MUX: Q_mux_0Bus1(31)  PORT out OF BLOCK: work/Mux2_32/Behavior
# Info:  PORT Q(31) OF BLOCK: work/RegisterFile/Structure
# Error: Net is driven by multiple primitive gates --  NET: Qr(30)
# Info:  PORT d OF BLOCK: work/Mux32/Behavior
# Info:  PORT Q(30) OF BLOCK: work/RegisterFile/Structure
# Info:  PORT out OF MUX: Q_mux_0Bus1(30)  PORT out OF BLOCK: work/Mux2_32/Behavior
# Info:  PORT Q(30) OF BLOCK: work/RegisterFile/Structure
# Error: Net is driven by multiple primitive gates --  NET: Qr(29)
# Info:  PORT d OF BLOCK: work/Mux32/Behavior
# Info:  PORT Q(29) OF BLOCK: work/RegisterFile/Structure
# Info:  PORT out OF MUX: Q_mux_0Bus1(29)  PORT out OF BLOCK: work/Mux2_32/Behavior
# Info:  PORT Q(29) OF BLOCK: work/RegisterFile/Structure
# Error: Net is driven by multiple primitive gates --  NET: Qr(28)
# Info:  PORT d OF BLOCK: work/Mux32/Behavior
# Info:  PORT Q(28) OF BLOCK: work/RegisterFile/Structure
# Info:  PORT out OF MUX: Q_mux_0Bus1(28)  PORT out OF BLOCK: work/Mux2_32/Behavior
# Info:  PORT Q(28) OF BLOCK: work/RegisterFile/Structure
# Error: Net is driven by multiple primitive gates --  NET: Qr(27)
# Info:  PORT d OF BLOCK: work/Mux32/Behavior
# Info:  PORT Q(27) OF BLOCK: work/RegisterFile/Structure
# Info:  PORT out OF MUX: Q_mux_0Bus1(27)  PORT out OF BLOCK: work/Mux2_32/Behavior
# Info:  PORT Q(27) OF BLOCK: work/RegisterFile/Structure
# Error: Net is driven by multiple primitive gates --  NET: Qr(26)
# Info:  PORT d OF BLOCK: work/Mux32/Behavior
# Info:  PORT Q(26) OF BLOCK: work/RegisterFile/Structure
# Info:  PORT out OF MUX: Q_mux_0Bus1(26)  PORT out OF BLOCK: work/Mux2_32/Behavior
# Info:  PORT Q(26) OF BLOCK: work/RegisterFile/Structure
# Error: Net is driven by multiple primitive gates --  NET: Qr(25)
# Info:  PORT d OF BLOCK: work/Mux32/Behavior
# Info:  PORT Q(25) OF BLOCK: work/RegisterFile/Structure
# Info:  PORT out OF MUX: Q_mux_0Bus1(25)  PORT out OF BLOCK: work/Mux2_32/Behavior
# Info:  PORT Q(25) OF BLOCK: work/RegisterFile/Structure
# Error: Net is driven by multiple primitive gates --  NET: Qr(24)
# Info:  PORT d OF BLOCK: work/Mux32/Behavior
# Info:  PORT Q(24) OF BLOCK: work/RegisterFile/Structure
# Info:  PORT out OF MUX: Q_mux_0Bus1(24)  PORT out OF BLOCK: work/Mux2_32/Behavior
# Info:  PORT Q(24) OF BLOCK: work/RegisterFile/Structure
# Error: Net is driven by multiple primitive gates --  NET: Qr(23)
# Info:  PORT d OF BLOCK: work/Mux32/Behavior
# Info:  PORT Q(23) OF BLOCK: work/RegisterFile/Structure
# Info:  PORT out OF MUX: Q_mux_0Bus1(23)  PORT out OF BLOCK: work/Mux2_32/Behavior
# Info:  PORT Q(23) OF BLOCK: work/RegisterFile/Structure
# Error: Net is driven by multiple primitive gates --  NET: Qr(22)
# Info:  PORT d OF BLOCK: work/Mux32/Behavior
# Info:  PORT Q(22) OF BLOCK: work/RegisterFile/Structure
# Info:  PORT out OF MUX: Q_mux_0Bus1(22)  PORT out OF BLOCK: work/Mux2_32/Behavior
# Info:  PORT Q(22) OF BLOCK: work/RegisterFile/Structure
# Error: Net is driven by multiple primitive gates --  NET: Qr(21)
# Info:  PORT d OF BLOCK: work/Mux32/Behavior
# Info:  PORT Q(21) OF BLOCK: work/RegisterFile/Structure
# Info:  PORT out OF MUX: Q_mux_0Bus1(21)  PORT out OF BLOCK: work/Mux2_32/Behavior
# Info:  PORT Q(21) OF BLOCK: work/RegisterFile/Structure
# Error: Net is driven by multiple primitive gates --  NET: Qr(20)
# Info:  PORT d OF BLOCK: work/Mux32/Behavior
# Info:  PORT Q(20) OF BLOCK: work/RegisterFile/Structure
# Info:  PORT out OF MUX: Q_mux_0Bus1(20)  PORT out OF BLOCK: work/Mux2_32/Behavior
# Info:  PORT Q(20) OF BLOCK: work/RegisterFile/Structure
# Error: Net is driven by multiple primitive gates --  NET: Qr(19)
# Info:  PORT d OF BLOCK: work/Mux32/Behavior
# Info:  PORT Q(19) OF BLOCK: work/RegisterFile/Structure
# Info:  PORT out OF MUX: Q_mux_0Bus1(19)  PORT out OF BLOCK: work/Mux2_32/Behavior
# Info:  PORT Q(19) OF BLOCK: work/RegisterFile/Structure
# Error: Net is driven by multiple primitive gates --  NET: Qr(18)
# Info:  PORT d OF BLOCK: work/Mux32/Behavior
# Info:  PORT Q(18) OF BLOCK: work/RegisterFile/Structure
# Info:  PORT out OF MUX: Q_mux_0Bus1(18)  PORT out OF BLOCK: work/Mux2_32/Behavior
# Info:  PORT Q(18) OF BLOCK: work/RegisterFile/Structure
# Error: Net is driven by multiple primitive gates --  NET: Qr(17)
# Info:  PORT d OF BLOCK: work/Mux32/Behavior
# Info:  PORT Q(17) OF BLOCK: work/RegisterFile/Structure
# Info:  PORT out OF MUX: Q_mux_0Bus1(17)  PORT out OF BLOCK: work/Mux2_32/Behavior
# Info:  PORT Q(17) OF BLOCK: work/RegisterFile/Structure
# Error: Net is driven by multiple primitive gates --  NET: Qr(16)
# Info:  PORT d OF BLOCK: work/Mux32/Behavior
# Info:  PORT Q(16) OF BLOCK: work/RegisterFile/Structure
# Info:  PORT out OF MUX: Q_mux_0Bus1(16)  PORT out OF BLOCK: work/Mux2_32/Behavior
# Info:  PORT Q(16) OF BLOCK: work/RegisterFile/Structure
# Error: Net is driven by multiple primitive gates --  NET: Qr(15)
# Info:  PORT d OF BLOCK: work/Mux32/Behavior
# Info:  PORT Q(15) OF BLOCK: work/RegisterFile/Structure
# Info:  PORT out OF MUX: Q_mux_0Bus1(15)  PORT out OF BLOCK: work/Mux2_32/Behavior
# Info:  PORT Q(15) OF BLOCK: work/RegisterFile/Structure
# Error: Net is driven by multiple primitive gates --  NET: Qr(14)
# Info:  PORT d OF BLOCK: work/Mux32/Behavior
# Info:  PORT Q(14) OF BLOCK: work/RegisterFile/Structure
# Info:  PORT out OF MUX: Q_mux_0Bus1(14)  PORT out OF BLOCK: work/Mux2_32/Behavior
# Info:  PORT Q(14) OF BLOCK: work/RegisterFile/Structure
# Error: Net is driven by multiple primitive gates --  NET: Qr(13)
# Info:  PORT d OF BLOCK: work/Mux32/Behavior
# Info:  PORT Q(13) OF BLOCK: work/RegisterFile/Structure
# Info:  PORT out OF MUX: Q_mux_0Bus1(13)  PORT out OF BLOCK: work/Mux2_32/Behavior
# Info:  PORT Q(13) OF BLOCK: work/RegisterFile/Structure
# Error: Net is driven by multiple primitive gates --  NET: Qr(12)
# Info:  PORT d OF BLOCK: work/Mux32/Behavior
# Info:  PORT Q(12) OF BLOCK: work/RegisterFile/Structure
# Info:  PORT out OF MUX: Q_mux_0Bus1(12)  PORT out OF BLOCK: work/Mux2_32/Behavior
# Info:  PORT Q(12) OF BLOCK: work/RegisterFile/Structure
# Error: Net is driven by multiple primitive gates --  NET: Qr(11)
# Info:  PORT d OF BLOCK: work/Mux32/Behavior
# Info:  PORT Q(11) OF BLOCK: work/RegisterFile/Structure
# Info:  PORT out OF MUX: Q_mux_0Bus1(11)  PORT out OF BLOCK: work/Mux2_32/Behavior
# Info:  PORT Q(11) OF BLOCK: work/RegisterFile/Structure
# Error: Net is driven by multiple primitive gates --  NET: Qr(10)
# Info:  PORT d OF BLOCK: work/Mux32/Behavior
# Info:  PORT Q(10) OF BLOCK: work/RegisterFile/Structure
# Info:  PORT out OF MUX: Q_mux_0Bus1(10)  PORT out OF BLOCK: work/Mux2_32/Behavior
# Info:  PORT Q(10) OF BLOCK: work/RegisterFile/Structure
# Error: Net is driven by multiple primitive gates --  NET: Qr(9)
# Info:  PORT d OF BLOCK: work/Mux32/Behavior
# Info:  PORT Q(9) OF BLOCK: work/RegisterFile/Structure
# Info:  PORT out OF MUX: Q_mux_0Bus1(9)  PORT out OF BLOCK: work/Mux2_32/Behavior
# Info:  PORT Q(9) OF BLOCK: work/RegisterFile/Structure
# Error: Net is driven by multiple primitive gates --  NET: Qr(8)
# Info:  PORT d OF BLOCK: work/Mux32/Behavior
# Info:  PORT Q(8) OF BLOCK: work/RegisterFile/Structure
# Info:  PORT out OF MUX: Q_mux_0Bus1(8)  PORT out OF BLOCK: work/Mux2_32/Behavior
# Info:  PORT Q(8) OF BLOCK: work/RegisterFile/Structure
# Error: Net is driven by multiple primitive gates --  NET: Qr(7)
# Info:  PORT d OF BLOCK: work/Mux32/Behavior
# Info:  PORT Q(7) OF BLOCK: work/RegisterFile/Structure
# Info:  PORT out OF MUX: Q_mux_0Bus1(7)  PORT out OF BLOCK: work/Mux2_32/Behavior
# Info:  PORT Q(7) OF BLOCK: work/RegisterFile/Structure
# Error: Net is driven by multiple primitive gates --  NET: Qr(6)
# Info:  PORT d OF BLOCK: work/Mux32/Behavior
# Info:  PORT Q(6) OF BLOCK: work/RegisterFile/Structure
# Info:  PORT out OF MUX: Q_mux_0Bus1(6)  PORT out OF BLOCK: work/Mux2_32/Behavior
# Info:  PORT Q(6) OF BLOCK: work/RegisterFile/Structure
# Error: Net is driven by multiple primitive gates --  NET: Qr(5)
# Info:  PORT d OF BLOCK: work/Mux32/Behavior
# Info:  PORT Q(5) OF BLOCK: work/RegisterFile/Structure
# Info:  PORT out OF MUX: Q_mux_0Bus1(5)  PORT out OF BLOCK: work/Mux2_32/Behavior
# Info:  PORT Q(5) OF BLOCK: work/RegisterFile/Structure
# Error: Net is driven by multiple primitive gates --  NET: Qr(4)
# Info:  PORT d OF BLOCK: work/Mux32/Behavior
# Info:  PORT Q(4) OF BLOCK: work/RegisterFile/Structure
# Info:  PORT out OF MUX: Q_mux_0Bus1(4)  PORT out OF BLOCK: work/Mux2_32/Behavior
# Info:  PORT Q(4) OF BLOCK: work/RegisterFile/Structure
# Error: Net is driven by multiple primitive gates --  NET: Qr(3)
# Info:  PORT d OF BLOCK: work/Mux32/Behavior
# Info:  PORT Q(3) OF BLOCK: work/RegisterFile/Structure
# Info:  PORT out OF MUX: Q_mux_0Bus1(3)  PORT out OF BLOCK: work/Mux2_32/Behavior
# Info:  PORT Q(3) OF BLOCK: work/RegisterFile/Structure
# Error: Net is driven by multiple primitive gates --  NET: Qr(2)
# Info:  PORT d OF BLOCK: work/Mux32/Behavior
# Info:  PORT Q(2) OF BLOCK: work/RegisterFile/Structure
# Info:  PORT out OF MUX: Q_mux_0Bus1(2)  PORT out OF BLOCK: work/Mux2_32/Behavior
# Info:  PORT Q(2) OF BLOCK: work/RegisterFile/Structure
# Error: Net is driven by multiple primitive gates --  NET: Qr(1)
# Info:  PORT d OF BLOCK: work/Mux32/Behavior
# Info:  PORT Q(1) OF BLOCK: work/RegisterFile/Structure
# Info:  PORT out OF MUX: Q_mux_0Bus1(1)  PORT out OF BLOCK: work/Mux2_32/Behavior
# Info:  PORT Q(1) OF BLOCK: work/RegisterFile/Structure
# Error: Net is driven by multiple primitive gates --  NET: Qr(0)
# Info:  PORT d OF BLOCK: work/Mux32/Behavior
# Info:  PORT Q(0) OF BLOCK: work/RegisterFile/Structure
# Info:  PORT out OF MUX: Q_mux_0Bus1(0)  PORT out OF BLOCK: work/Mux2_32/Behavior
# Info:  PORT Q(0) OF BLOCK: work/RegisterFile/Structure
# Error: Net is driven by multiple primitive gates --  NET: Qr2(31)
# Info:  PORT d OF BLOCK: work/Mux32/Behavior
# Info:  PORT Q(31) OF BLOCK: work/RegisterFile/Structure
# Info:  PORT out OF MUX: Q_mux_0Bus1(31)  PORT out OF BLOCK: work/Mux2_32/Behavior
# Info:  PORT Q(31) OF BLOCK: work/RegisterFile/Structure
# Error: Net is driven by multiple primitive gates --  NET: Qr2(30)
# Info:  PORT d OF BLOCK: work/Mux32/Behavior
# Info:  PORT Q(30) OF BLOCK: work/RegisterFile/Structure
# Info:  PORT out OF MUX: Q_mux_0Bus1(30)  PORT out OF BLOCK: work/Mux2_32/Behavior
# Info:  PORT Q(30) OF BLOCK: work/RegisterFile/Structure
# Error: Net is driven by multiple primitive gates --  NET: Qr2(29)
# Info:  PORT d OF BLOCK: work/Mux32/Behavior
# Info:  PORT Q(29) OF BLOCK: work/RegisterFile/Structure
# Info:  PORT out OF MUX: Q_mux_0Bus1(29)  PORT out OF BLOCK: work/Mux2_32/Behavior
# Info:  PORT Q(29) OF BLOCK: work/RegisterFile/Structure
# Error: Net is driven by multiple primitive gates --  NET: Qr2(28)
# Info:  PORT d OF BLOCK: work/Mux32/Behavior
# Info:  PORT Q(28) OF BLOCK: work/RegisterFile/Structure
# Info:  PORT out OF MUX: Q_mux_0Bus1(28)  PORT out OF BLOCK: work/Mux2_32/Behavior
# Info:  PORT Q(28) OF BLOCK: work/RegisterFile/Structure
# Error: Net is driven by multiple primitive gates --  NET: Qr2(27)
# Info:  PORT d OF BLOCK: work/Mux32/Behavior
# Info:  PORT Q(27) OF BLOCK: work/RegisterFile/Structure
# Info:  PORT out OF MUX: Q_mux_0Bus1(27)  PORT out OF BLOCK: work/Mux2_32/Behavior
# Info:  PORT Q(27) OF BLOCK: work/RegisterFile/Structure
# Error: Net is driven by multiple primitive gates --  NET: Qr2(26)
# Info:  PORT d OF BLOCK: work/Mux32/Behavior
# Info:  PORT Q(26) OF BLOCK: work/RegisterFile/Structure
# Info:  PORT out OF MUX: Q_mux_0Bus1(26)  PORT out OF BLOCK: work/Mux2_32/Behavior
# Info:  PORT Q(26) OF BLOCK: work/RegisterFile/Structure
# Error: Net is driven by multiple primitive gates --  NET: Qr2(25)
# Info:  PORT d OF BLOCK: work/Mux32/Behavior
# Info:  PORT Q(25) OF BLOCK: work/RegisterFile/Structure
# Info:  PORT out OF MUX: Q_mux_0Bus1(25)  PORT out OF BLOCK: work/Mux2_32/Behavior
# Info:  PORT Q(25) OF BLOCK: work/RegisterFile/Structure
# Error: Net is driven by multiple primitive gates --  NET: Qr2(24)
# Info:  PORT d OF BLOCK: work/Mux32/Behavior
# Info:  PORT Q(24) OF BLOCK: work/RegisterFile/Structure
# Info:  PORT out OF MUX: Q_mux_0Bus1(24)  PORT out OF BLOCK: work/Mux2_32/Behavior
# Info:  PORT Q(24) OF BLOCK: work/RegisterFile/Structure
# Error: Net is driven by multiple primitive gates --  NET: Qr2(23)
# Info:  PORT d OF BLOCK: work/Mux32/Behavior
# Info:  PORT Q(23) OF BLOCK: work/RegisterFile/Structure
# Info:  PORT out OF MUX: Q_mux_0Bus1(23)  PORT out OF BLOCK: work/Mux2_32/Behavior
# Info:  PORT Q(23) OF BLOCK: work/RegisterFile/Structure
# Error: Net is driven by multiple primitive gates --  NET: Qr2(22)
# Info:  PORT d OF BLOCK: work/Mux32/Behavior
# Info:  PORT Q(22) OF BLOCK: work/RegisterFile/Structure
# Info:  PORT out OF MUX: Q_mux_0Bus1(22)  PORT out OF BLOCK: work/Mux2_32/Behavior
# Info:  PORT Q(22) OF BLOCK: work/RegisterFile/Structure
# Error: Net is driven by multiple primitive gates --  NET: Qr2(21)
# Info:  PORT d OF BLOCK: work/Mux32/Behavior
# Info:  PORT Q(21) OF BLOCK: work/RegisterFile/Structure
# Info:  PORT out OF MUX: Q_mux_0Bus1(21)  PORT out OF BLOCK: work/Mux2_32/Behavior
# Info:  PORT Q(21) OF BLOCK: work/RegisterFile/Structure
# Error: Net is driven by multiple primitive gates --  NET: Qr2(20)
# Info:  PORT d OF BLOCK: work/Mux32/Behavior
# Info:  PORT Q(20) OF BLOCK: work/RegisterFile/Structure
# Info:  PORT out OF MUX: Q_mux_0Bus1(20)  PORT out OF BLOCK: work/Mux2_32/Behavior
# Info:  PORT Q(20) OF BLOCK: work/RegisterFile/Structure
# Error: Net is driven by multiple primitive gates --  NET: Qr2(19)
# Info:  PORT d OF BLOCK: work/Mux32/Behavior
# Info:  PORT Q(19) OF BLOCK: work/RegisterFile/Structure
# Info:  PORT out OF MUX: Q_mux_0Bus1(19)  PORT out OF BLOCK: work/Mux2_32/Behavior
# Info:  PORT Q(19) OF BLOCK: work/RegisterFile/Structure
# Error: Net is driven by multiple primitive gates --  NET: Qr2(18)
# Info:  PORT d OF BLOCK: work/Mux32/Behavior
# Info:  PORT Q(18) OF BLOCK: work/RegisterFile/Structure
# Info:  PORT out OF MUX: Q_mux_0Bus1(18)  PORT out OF BLOCK: work/Mux2_32/Behavior
# Info:  PORT Q(18) OF BLOCK: work/RegisterFile/Structure
# Error: Net is driven by multiple primitive gates --  NET: Qr2(17)
# Info:  PORT d OF BLOCK: work/Mux32/Behavior
# Info:  PORT Q(17) OF BLOCK: work/RegisterFile/Structure
# Info:  PORT out OF MUX: Q_mux_0Bus1(17)  PORT out OF BLOCK: work/Mux2_32/Behavior
# Info:  PORT Q(17) OF BLOCK: work/RegisterFile/Structure
# Error: Net is driven by multiple primitive gates --  NET: Qr2(16)
# Info:  PORT d OF BLOCK: work/Mux32/Behavior
# Info:  PORT Q(16) OF BLOCK: work/RegisterFile/Structure
# Info:  PORT out OF MUX: Q_mux_0Bus1(16)  PORT out OF BLOCK: work/Mux2_32/Behavior
# Info:  PORT Q(16) OF BLOCK: work/RegisterFile/Structure
# Error: Net is driven by multiple primitive gates --  NET: Qr2(15)
# Info:  PORT d OF BLOCK: work/Mux32/Behavior
# Info:  PORT Q(15) OF BLOCK: work/RegisterFile/Structure
# Info:  PORT out OF MUX: Q_mux_0Bus1(15)  PORT out OF BLOCK: work/Mux2_32/Behavior
# Info:  PORT Q(15) OF BLOCK: work/RegisterFile/Structure
# Error: Net is driven by multiple primitive gates --  NET: Qr2(14)
# Info:  PORT d OF BLOCK: work/Mux32/Behavior
# Info:  PORT Q(14) OF BLOCK: work/RegisterFile/Structure
# Info:  PORT out OF MUX: Q_mux_0Bus1(14)  PORT out OF BLOCK: work/Mux2_32/Behavior
# Info:  PORT Q(14) OF BLOCK: work/RegisterFile/Structure
# Error: Net is driven by multiple primitive gates --  NET: Qr2(13)
# Info:  PORT d OF BLOCK: work/Mux32/Behavior
# Info:  PORT Q(13) OF BLOCK: work/RegisterFile/Structure
# Info:  PORT out OF MUX: Q_mux_0Bus1(13)  PORT out OF BLOCK: work/Mux2_32/Behavior
# Info:  PORT Q(13) OF BLOCK: work/RegisterFile/Structure
# Error: Net is driven by multiple primitive gates --  NET: Qr2(12)
# Info:  PORT d OF BLOCK: work/Mux32/Behavior
# Info:  PORT Q(12) OF BLOCK: work/RegisterFile/Structure
# Info:  PORT out OF MUX: Q_mux_0Bus1(12)  PORT out OF BLOCK: work/Mux2_32/Behavior
# Info:  PORT Q(12) OF BLOCK: work/RegisterFile/Structure
# Error: Net is driven by multiple primitive gates --  NET: Qr2(11)
# Info:  PORT d OF BLOCK: work/Mux32/Behavior
# Info:  PORT Q(11) OF BLOCK: work/RegisterFile/Structure
# Info:  PORT out OF MUX: Q_mux_0Bus1(11)  PORT out OF BLOCK: work/Mux2_32/Behavior
# Info:  PORT Q(11) OF BLOCK: work/RegisterFile/Structure
# Error: Net is driven by multiple primitive gates --  NET: Qr2(10)
# Info:  PORT d OF BLOCK: work/Mux32/Behavior
# Info:  PORT Q(10) OF BLOCK: work/RegisterFile/Structure
# Info:  PORT out OF MUX: Q_mux_0Bus1(10)  PORT out OF BLOCK: work/Mux2_32/Behavior
# Info:  PORT Q(10) OF BLOCK: work/RegisterFile/Structure
# Error: Net is driven by multiple primitive gates --  NET: Qr2(9)
# Info:  PORT d OF BLOCK: work/Mux32/Behavior
# Info:  PORT Q(9) OF BLOCK: work/RegisterFile/Structure
# Info:  PORT out OF MUX: Q_mux_0Bus1(9)  PORT out OF BLOCK: work/Mux2_32/Behavior
# Info:  PORT Q(9) OF BLOCK: work/RegisterFile/Structure
# Error: Net is driven by multiple primitive gates --  NET: Qr2(8)
# Info:  PORT d OF BLOCK: work/Mux32/Behavior
# Info:  PORT Q(8) OF BLOCK: work/RegisterFile/Structure
# Info:  PORT out OF MUX: Q_mux_0Bus1(8)  PORT out OF BLOCK: work/Mux2_32/Behavior
# Info:  PORT Q(8) OF BLOCK: work/RegisterFile/Structure
# Error: Net is driven by multiple primitive gates --  NET: Qr2(7)
# Info:  PORT d OF BLOCK: work/Mux32/Behavior
# Info:  PORT Q(7) OF BLOCK: work/RegisterFile/Structure
# Info:  PORT out OF MUX: Q_mux_0Bus1(7)  PORT out OF BLOCK: work/Mux2_32/Behavior
# Info:  PORT Q(7) OF BLOCK: work/RegisterFile/Structure
# Error: Net is driven by multiple primitive gates --  NET: Qr2(6)
# Info:  PORT d OF BLOCK: work/Mux32/Behavior
# Info:  PORT Q(6) OF BLOCK: work/RegisterFile/Structure
# Info:  PORT out OF MUX: Q_mux_0Bus1(6)  PORT out OF BLOCK: work/Mux2_32/Behavior
# Info:  PORT Q(6) OF BLOCK: work/RegisterFile/Structure
# Error: Net is driven by multiple primitive gates --  NET: Qr2(5)
# Info:  PORT d OF BLOCK: work/Mux32/Behavior
# Info:  PORT Q(5) OF BLOCK: work/RegisterFile/Structure
# Info:  PORT out OF MUX: Q_mux_0Bus1(5)  PORT out OF BLOCK: work/Mux2_32/Behavior
# Info:  PORT Q(5) OF BLOCK: work/RegisterFile/Structure
# Error: Net is driven by multiple primitive gates --  NET: Qr2(4)
# Info:  PORT d OF BLOCK: work/Mux32/Behavior
# Info:  PORT Q(4) OF BLOCK: work/RegisterFile/Structure
# Info:  PORT out OF MUX: Q_mux_0Bus1(4)  PORT out OF BLOCK: work/Mux2_32/Behavior
# Info:  PORT Q(4) OF BLOCK: work/RegisterFile/Structure
# Error: Net is driven by multiple primitive gates --  NET: Qr2(3)
# Info:  PORT d OF BLOCK: work/Mux32/Behavior
# Info:  PORT Q(3) OF BLOCK: work/RegisterFile/Structure
# Info:  PORT out OF MUX: Q_mux_0Bus1(3)  PORT out OF BLOCK: work/Mux2_32/Behavior
# Info:  PORT Q(3) OF BLOCK: work/RegisterFile/Structure
# Error: Net is driven by multiple primitive gates --  NET: Qr2(2)
# Info:  PORT d OF BLOCK: work/Mux32/Behavior
# Info:  PORT Q(2) OF BLOCK: work/RegisterFile/Structure
# Info:  PORT out OF MUX: Q_mux_0Bus1(2)  PORT out OF BLOCK: work/Mux2_32/Behavior
# Info:  PORT Q(2) OF BLOCK: work/RegisterFile/Structure
# Error: Net is driven by multiple primitive gates --  NET: Qr2(1)
# Info:  PORT d OF BLOCK: work/Mux32/Behavior
# Info:  PORT Q(1) OF BLOCK: work/RegisterFile/Structure
# Info:  PORT out OF MUX: Q_mux_0Bus1(1)  PORT out OF BLOCK: work/Mux2_32/Behavior
# Info:  PORT Q(1) OF BLOCK: work/RegisterFile/Structure
# Error: Net is driven by multiple primitive gates --  NET: Qr2(0)
# Info:  PORT d OF BLOCK: work/Mux32/Behavior
# Info:  PORT Q(0) OF BLOCK: work/RegisterFile/Structure
# Info:  PORT out OF MUX: Q_mux_0Bus1(0)  PORT out OF BLOCK: work/Mux2_32/Behavior
# Info:  PORT Q(0) OF BLOCK: work/RegisterFile/Structure
# Info: HDL Designer Synthesis run finished
source D:/CAD/cad_lib/ps/RegisterFile_Structure/hds/precision.tcl
# COMMAND: exit -force
# Warning: [9526]: Discarded unsaved work in implementation RegisterFile_Structure_impl_7.
# Info: [9568]: Appending project transcript to file D:/CAD/cad_lib/ps/RegisterFile_Structure/RegisterFile_Structure_impl_7/precision.log
# Info: [9568]: Appending suppressed messages transcript to file D:/CAD/cad_lib/ps/RegisterFile_Structure/RegisterFile_Structure_impl_7/precision.log.suppressed
# Info: [9552]: Activated implementation RegisterFile_Structure_impl_7 in project D:/CAD/cad_lib/ps/RegisterFile_Structure/RegisterFile_Structure.psp.
# Info: [9531]: Created directory: D:/CAD/cad_lib/ps/RegisterFile_Structure/RegisterFile_Structure_impl_8.
# Info: [9557]: Created implementation RegisterFile_Structure_impl_8 in project D:/CAD/cad_lib/ps/RegisterFile_Structure/RegisterFile_Structure.psp.
