# Info: [9569]: Logging project transcript to file D:/CAD/cad_lib/ps/Reg_tracker_Behavior/Reg_tracker_Behavior_impl_3/precision.log
# Info: [9569]: Logging suppressed messages transcript to file D:/CAD/cad_lib/ps/Reg_tracker_Behavior/Reg_tracker_Behavior_impl_3/precision.log.suppressed
# Info: [9552]: Activated implementation Reg_tracker_Behavior_impl_3 in project D:/CAD/cad_lib/ps/Reg_tracker_Behavior/Reg_tracker_Behavior.psp.
# Info: [15300]: Setting up the design to use synthesis library "xis6.syn"
# Info: [580]: The global max fanout is currently set to 10000 for Xilinx - SPARTAN6.
# Info: [15326]: Setting Part to: "6SLX16CSG324".
# Info: [15327]: Setting Process to: "3".
# Info: [7512]: The place and route tool for current technology is ISE.
# Info: [3022]: Reading file: C:/MentorGraphics/PS2018.1_64-bit/Mgc_home/pkgs/psr/techlibs/xis6.syn.
# Info: [639]: Loading library initialization file C:/MentorGraphics/PS2018.1_64-bit/Mgc_home/pkgs/psr/userware/xilinx_rename.tcl
# Info: XILINX
# Info: [40000]: vhdlorder, Release 2018a.17
# Error: [40000]: "D:/CAD/cad_lib/hdl/Reg_tracker_entity.vhd", line 22: Syntax error at or near "<=", expecting ';'
# Error: [40013]: VHDL file ordering failed.
# Info: HDL Designer Synthesis run finished
source D:/CAD/cad_lib/ps/Reg_tracker_Behavior/hds/precision.tcl
# COMMAND: exit -force
# Warning: [9526]: Discarded unsaved work in implementation Reg_tracker_Behavior_impl_3.
# Info: [9568]: Appending project transcript to file D:/CAD/cad_lib/ps/Reg_tracker_Behavior/Reg_tracker_Behavior_impl_3/precision.log
# Info: [9568]: Appending suppressed messages transcript to file D:/CAD/cad_lib/ps/Reg_tracker_Behavior/Reg_tracker_Behavior_impl_3/precision.log.suppressed
# Info: [9552]: Activated implementation Reg_tracker_Behavior_impl_3 in project D:/CAD/cad_lib/ps/Reg_tracker_Behavior/Reg_tracker_Behavior.psp.
# Info: [9531]: Created directory: D:/CAD/cad_lib/ps/Reg_tracker_Behavior/Reg_tracker_Behavior_impl_4.
# Info: [9557]: Created implementation Reg_tracker_Behavior_impl_4 in project D:/CAD/cad_lib/ps/Reg_tracker_Behavior/Reg_tracker_Behavior.psp.
