# Info: [9569]: Logging project transcript to file D:/CAD/cad_lib/ps/processor_Structure/processor_Structure_impl_1/precision.log
# Info: [9569]: Logging suppressed messages transcript to file D:/CAD/cad_lib/ps/processor_Structure/processor_Structure_impl_1/precision.log.suppressed
# Info: [9552]: Activated implementation processor_Structure_impl_1 in project D:/CAD/cad_lib/ps/processor_Structure/processor_Structure.psp.
new_impl -name processor_Structure_impl_1
# Info: [15300]: Setting up the design to use synthesis library "xis6.syn"
# Info: [580]: The global max fanout is currently set to 10000 for Xilinx - SPARTAN6.
# Info: [15326]: Setting Part to: "6SLX16CSG324".
# Info: [15327]: Setting Process to: "3".
# Info: [7512]: The place and route tool for current technology is ISE.
# Info: [3022]: Reading file: C:/MentorGraphics/PS2018.1_64-bit/Mgc_home/pkgs/psr/techlibs/xis6.syn.
# Info: [639]: Loading library initialization file C:/MentorGraphics/PS2018.1_64-bit/Mgc_home/pkgs/psr/userware/xilinx_rename.tcl
# Info: XILINX
# Info: [40000]: vhdlorder, Release 2018a.17
# Info: [40000]: Files sorted successfully.
# Info: [40000]: hdl-analyze, Release RTLC-Precision 2018a.17
# Info: [42502]: Analyzing input file "D:/CAD/cad_lib/hdl/RV32I_pkg.vhd" ...
# Info: [42502]: Analyzing input file "D:/CAD/cad_lib/hdl/Arbiter_entity.vhd" ...
# Info: [42502]: Analyzing input file "D:/CAD/cad_lib/hdl/De_Control_entity.vhd" ...
# Info: [42502]: Analyzing input file "D:/CAD/cad_lib/hdl/decoder_entity.vhd" ...
# Info: [42502]: Analyzing input file "D:/CAD/cad_lib/hdl/Mux2_entity.vhd" ...
# Info: [42502]: Analyzing input file "D:/CAD/cad_lib/hdl/Decoder_stage_entity.vhd" ...
# Info: [42502]: Analyzing input file "D:/CAD/cad_lib/hdl/Alu_op_pkg.vhd" ...
# Info: [42502]: Analyzing input file "D:/CAD/cad_lib/hdl/ALU_entity.vhd" ...
# Info: [42502]: Analyzing input file "D:/CAD/cad_lib/hdl/Alu_control_entity.vhd" ...
# Info: [42502]: Analyzing input file "D:/CAD/cad_lib/hdl/Compare_entity.vhd" ...
# Info: [42502]: Analyzing input file "D:/CAD/cad_lib/hdl/Ex_controller_entity.vhd" ...
# Info: [42502]: Analyzing input file "D:/CAD/cad_lib/hdl/Mux4_entity.vhd" ...
# Info: [42502]: Analyzing input file "D:/CAD/cad_lib/hdl/Reg_entity.vhd" ...
# Info: [42502]: Analyzing input file "D:/CAD/cad_lib/hdl/Fun_reg_entity.vhd" ...
# Info: [42502]: Analyzing input file "D:/CAD/cad_lib/hdl/Execute_stage_entity.vhd" ...
# Info: [42502]: Analyzing input file "D:/CAD/cad_lib/hdl/Increment_entity.vhd" ...
# Info: [42502]: Analyzing input file "D:/CAD/cad_lib/hdl/Fetch_new_entity.vhd" ...
# Info: [42502]: Analyzing input file "D:/CAD/cad_lib/hdl/Me_controller_entity.vhd" ...
# Info: [42502]: Analyzing input file "D:/CAD/cad_lib/hdl/Memory_stage_entity.vhd" ...
# Info: [42502]: Analyzing input file "D:/CAD/cad_lib/hdl/Reg_dec_entity.vhd" ...
# Info: [42502]: Analyzing input file "D:/CAD/cad_lib/hdl/Mux32_entity.vhd" ...
# Info: [42502]: Analyzing input file "D:/CAD/cad_lib/hdl/RegisterFile_entity.vhd" ...
# Info: [42502]: Analyzing input file "D:/CAD/cad_lib/hdl/Reg_tracker_entity.vhd" ...
# Info: [42502]: Analyzing input file "D:/CAD/cad_lib/hdl/We_controller_entity.vhd" ...
# Info: [42502]: Analyzing input file "D:/CAD/cad_lib/hdl/Write_stage_entity.vhd" ...
# Info: [42502]: Analyzing input file "D:/CAD/cad_lib/hdl/processor_entity.vhd" ...
# Info: [662]: Current working directory: D:/CAD/cad_lib/ps/processor_Structure/processor_Structure_impl_1.
# Info: [40000]: RTLC-Driver, Release RTLC-Precision 2018a.17
# Info: [40000]: Last compiled on Jun 28 2018 15:32:49
# Info: [44512]: Initializing...
# Info: [44504]: Partitioning design ....
# Info: [40000]: RTLCompiler, Release RTLC-Precision 2018a.17
# Info: [40000]: Last compiled on Jun 28 2018 15:52:40
# Info: [44512]: Initializing...
# Info: [44522]: Root Module work.processor(Structure): Pre-processing...
# Info: [44506]: Module work.Arbiter(Behavior): Pre-processing...
# Info: [44506]: Module work.Fetch_new(Structure): Pre-processing...
# Info: [44506]: Module work.Mux2(Behavior){generic map (width => 32)}: Pre-processing...
# Info: [44506]: Module work.Reg(Behavior){generic map (width => 32)}: Pre-processing...
# Info: [44506]: Module work.Increment(Behavior){generic map (width => 32)}: Pre-processing...
# Info: [44506]: Module work.Decoder_stage(STRUCTURE): Pre-processing...
# Info: [44506]: Module work.Decoder(Behavior): Pre-processing...
# Info: [44506]: Module work.De_Control(Behavior): Pre-processing...
# Info: [44506]: Module work.Execute_stage(Structure): Pre-processing...
# Info: [44506]: Module work.Reg(Behavior){generic map (width => 5)}: Pre-processing...
# Info: [44506]: Module work.Fun_reg(Behavior): Pre-processing...
# Info: [44506]: Module work.Alu_control(behavior): Pre-processing...
# Info: [44506]: Module work.ALU(behavior): Pre-processing...
# Info: [44506]: Module work.Compare(behavior): Pre-processing...
# Info: [44506]: Module work.Ex_controller(behavior): Pre-processing...
# Info: [44506]: Module work.Mux4(Behavior){generic map (width => 32)}: Pre-processing...
# Info: [44506]: Module work.Memory_stage(Structure): Pre-processing...
# Info: [44506]: Module work.Me_controller(Behavior): Pre-processing...
# Info: [44506]: Module work.Write_stage(Structure): Pre-processing...
# Info: [44506]: Module work.We_controller(Behavior): Pre-processing...
# Info: [44506]: Module work.Reg_tracker(Behavior){generic map (RegSel => 5)}: Pre-processing...
# Warning: [45540]: "D:/CAD/cad_lib/hdl/Reg_tracker_entity.vhd", line 37: Index value might be out of prefix index constraints
# Warning: [45540]: "D:/CAD/cad_lib/hdl/Reg_tracker_entity.vhd", line 46: Index value might be out of prefix index constraints
# Warning: [45540]: "D:/CAD/cad_lib/hdl/Reg_tracker_entity.vhd", line 55: Index value might be out of prefix index constraints
# Warning: [45540]: "D:/CAD/cad_lib/hdl/Reg_tracker_entity.vhd", line 76: Index value might be out of prefix index constraints
# Warning: [45540]: "D:/CAD/cad_lib/hdl/Reg_tracker_entity.vhd", line 83: Index value might be out of prefix index constraints
# Info: [44506]: Module work.RegisterFile(Structure): Pre-processing...
# Info: [44506]: Module work.Reg_dec(Behavior): Pre-processing...
# Info: [44506]: Module work.Mux32(Behavior): Pre-processing...
# Warning: [45729]: "D:/CAD/cad_lib/hdl/RegisterFile_entity.vhd", line 22: signal WriteDC[0] has never been used.
# Info: [44508]: Module work.Arbiter(Behavior): Compiling...
# Info: [44508]: Module work.Mux2(Behavior){generic map (width => 32)}: Compiling...
# Info: [44508]: Module work.Reg(Behavior){generic map (width => 32)}: Compiling...
# Info: [44508]: Module work.Increment(Behavior){generic map (width => 32)}: Compiling...
# Info: [44508]: Module work.Fetch_new(Structure): Compiling...
# Info: [44508]: Module work.Decoder(Behavior): Compiling...
# Info: [44508]: Module work.De_Control(Behavior): Compiling...
# Info: [44508]: Module work.Decoder_stage(STRUCTURE): Compiling...
# Info: [44508]: Module work.Reg(Behavior){generic map (width => 5)}: Compiling...
# Info: [44508]: Module work.Fun_reg(Behavior): Compiling...
# Info: [44508]: Module work.Alu_control(behavior): Compiling...
# Info: [44508]: Module work.ALU(behavior): Compiling...
# Info: [44508]: Module work.Compare(behavior): Compiling...
# Info: [44508]: Module work.Ex_controller(behavior): Compiling...
# Info: [44508]: Module work.Mux4(Behavior){generic map (width => 32)}: Compiling...
# Info: [44508]: Module work.Execute_stage(Structure): Compiling...
# Info: [44508]: Module work.Me_controller(Behavior): Compiling...
# Warning: [45784]: "D:/CAD/cad_lib/hdl/Me_controller_entity.vhd", line 26: Module work.Me_controller(Behavior), Net(s) Delay: Although this signal is not part of the sensitivity list of this block, it is being read. This may lead to simulation mismatch.
# Info: [44508]: Module work.Memory_stage(Structure): Compiling...
# Info: [44508]: Module work.We_controller(Behavior): Compiling...
# Info: [44508]: Module work.Write_stage(Structure): Compiling...
# Info: [44508]: Module work.Reg_tracker(Behavior){generic map (RegSel => 5)}: Compiling...
# Warning: [45784]: "D:/CAD/cad_lib/hdl/Reg_tracker_entity.vhd", line 23: Module work.Reg_tracker(Behavior){generic map (RegSel => 5)}, Net(s) RegNumber[0:31]: Although this signal is not part of the sensitivity list of this block, it is being read. This may lead to simulation mismatch.
# Info: [44508]: Module work.Reg_dec(Behavior): Compiling...
# Info: [44508]: Module work.Mux32(Behavior): Compiling...
# Info: [44508]: Module work.RegisterFile(Structure): Compiling...
# Info: [44523]: Root Module work.processor(Structure): Compiling...
# Info: [45252]: "D:/CAD/cad_lib/hdl/decoder_entity.vhd", line 49: Inferred rom instance 'rtlcI7' of type 'rom_21_10_1024_80'.
# Info: [45252]: "D:/CAD/cad_lib/hdl/De_Control_entity.vhd", line 30: Inferred rom instance 'rtlcI8' of type 'rom_1_6_64_81'.
# Info: [45205]: "D:/CAD/cad_lib/hdl/De_Control_entity.vhd", line 24: Module work.De_Control(Behavior), Net(s) Con_out1: Latch inferred.
# Info: [45205]: "D:/CAD/cad_lib/hdl/Alu_control_entity.vhd", line 48: Module work.Alu_control(behavior), Net(s) Alu_c[2:0]: Latch inferred.
# Info: [45205]: "D:/CAD/cad_lib/hdl/Ex_controller_entity.vhd", line 108: Module work.Execute_stage(Structure), Net(s) Sel_Jad: Latch inferred.
# Info: [45307]: "D:/CAD/cad_lib/hdl/Ex_controller_entity.vhd", line 109: The driving logic for the net Sel_data[1] has been moved across hierarchy due to cross-hierarchy optimization
# Info: [45193]: "D:/CAD/cad_lib/hdl/Mux4_entity.vhd", line 17: Net In_0[31:28] is unused after optimization
# Info: [45193]: "D:/CAD/cad_lib/hdl/Mux4_entity.vhd", line 17: Net In_0[12:0] is unused after optimization
# Info: [45193]: "D:/CAD/cad_lib/hdl/Mux4_entity.vhd", line 17: Net In_1[31:28] is unused after optimization
# Info: [45193]: "D:/CAD/cad_lib/hdl/Mux4_entity.vhd", line 17: Net In_1[12:0] is unused after optimization
# Info: [45193]: "D:/CAD/cad_lib/hdl/Mux4_entity.vhd", line 17: Net In_2[31:28] is unused after optimization
# Info: [45193]: "D:/CAD/cad_lib/hdl/Mux4_entity.vhd", line 17: Net In_2[12:0] is unused after optimization
# Info: [45193]: "D:/CAD/cad_lib/hdl/Mux4_entity.vhd", line 17: Net In_3[31:28] is unused after optimization
# Info: [45193]: "D:/CAD/cad_lib/hdl/Mux4_entity.vhd", line 17: Net In_3[12:0] is unused after optimization
# Info: [45307]: "D:/CAD/cad_lib/hdl/Mux4_entity.vhd", line 34: The driving logic for the net Q[31:28] has been moved across hierarchy due to cross-hierarchy optimization
# Info: [45307]: "D:/CAD/cad_lib/hdl/Mux4_entity.vhd", line 34: The driving logic for the net Q[12:0] has been moved across hierarchy due to cross-hierarchy optimization
# Info: [45307]: "D:/CAD/cad_lib/hdl/Execute_stage_entity.vhd", line 24: The driving logic for the net Func_out[5:0] has been moved across hierarchy due to cross-hierarchy optimization
# Info: [45307]: "D:/CAD/cad_lib/hdl/Execute_stage_entity.vhd", line 22: The driving logic for the net DATA[31:28] has been moved across hierarchy due to cross-hierarchy optimization
# Info: [45307]: "D:/CAD/cad_lib/hdl/Execute_stage_entity.vhd", line 22: The driving logic for the net DATA[12:0] has been moved across hierarchy due to cross-hierarchy optimization
# Info: [45252]: "D:/CAD/cad_lib/hdl/Me_controller_entity.vhd", line 69: Inferred rom instance 'rtlcI9' of type 'rom_2_6_64_87'.
# Info: [45252]: "D:/CAD/cad_lib/hdl/Ex_controller_entity.vhd", line 109: Inferred rom instance 'rtlcI10' of type 'rom_1_6_64_86'.
# Info: [44842]: Compilation successfully completed.
# Info: [44841]: Counter Inferencing === Detected : 2, Inferred (Modgen/Selcounter/AddSub) : 0 (0 / 0 / 0), AcrossDH (Merged/Not-Merged) : (0 / 0), Not-Inferred (Acrossdh/Attempted) : (0 / 0), Local Vars : 2 ===
# Info: [44856]: Total lines of RTL compiled: 2426.
# Info: [44835]: Total CPU time for compilation: 15.6 secs.
# Info: [44513]: Overall running time for compilation: 28.0 secs.
# Info: [662]: Current working directory: D:/CAD/cad_lib/ps/processor_Structure/processor_Structure_impl_1.
# Info: [15332]: Doing rtl optimizations.
# Info: [9028]: "D:/CAD/cad_lib/hdl/Increment_entity.vhd", line 29: : Inferred selective adder Instance 'instance:Fetch.Increment.ix31' of type 'cell:seladd_32_32_32_0_0'
# Info: [665]: Finished compiling design.
# Info: [662]: Current working directory: D:/CAD/cad_lib/ps/processor_Structure/processor_Structure_impl_1.
# Info: [4557]: 5 Instances are flattened in hierarchical block .work.Fetch_new.Structure.
# Info: [4557]: 5 Instances are flattened in hierarchical block .work.Decoder_stage.STRUCTURE.
# Info: [4557]: 5 Instances are flattened in hierarchical block .work.Execute_stage.Structure_unfolded0_unfold_2690.
# Info: [4557]: 5 Instances are flattened in hierarchical block .work.Memory_stage.Structure_unfolded0_unfold_3004.
# Info: [4557]: 3 Instances are flattened in hierarchical block .work.Write_stage.Structure.
# Info: [4557]: 36 Instances are flattened in hierarchical block .work.RegisterFile.Structure.
# Info: [4557]: 1 Instances are flattened in hierarchical block .work.processor.Structure.
# Info: [20013]: Precision will use 8 processor(s).
# Info: [15002]: Optimizing design view:.work.Reg_tracker_5.Behavior
# Info: [15002]: Optimizing design view:.work.Decoder.Behavior
# Info: [15002]: Optimizing design view:.work.Compare.behavior
# Info: [15002]: Optimizing design view:.work.ALU.behavior_unfold_1800
# Info: [15002]: Optimizing design view:.work.ALU.behavior_unfold_1782
# Info: [15002]: Optimizing design view:.work.Mux4_32.Behavior_unfolded0_unfold_2530
# Info: [15002]: Optimizing design view:.work.Decoder_stage.STRUCTURE
# Info: [15002]: Optimizing design view:.work.Fetch_new.Structure
# Info: [15002]: Optimizing design view:.work.Memory_stage.Structure_unfolded0_unfold_3004
# Info: [15002]: Optimizing design view:.work.Ex_controller.behavior_unfolded0_unfold_3064
# Info: [15002]: Optimizing design view:.work.Mux32.Behavior_unfold_1694_0
# Info: [15002]: Optimizing design view:.work.Alu_control.behavior_unfold_2154
# Info: [15002]: Optimizing design view:.work.Write_stage.Structure
# Info: [15002]: Optimizing design view:.work.processor.Structure
# Info: [15002]: Optimizing design view:.work.Execute_stage.Structure_unfolded0_unfold_2690
# Info: [15002]: Optimizing design view:.work.RegisterFile.Structure
# Info: [4557]: 1 Instances are flattened in hierarchical block .work.Decoder_stage.STRUCTURE.
# Info: [4557]: 6 Instances are flattened in hierarchical block .work.Execute_stage.Structure_unfolded0_unfold_2690.
# Info: [4557]: 2 Instances are flattened in hierarchical block .work.RegisterFile.Structure.
# Info: [4557]: 7 Instances are flattened in hierarchical block .work.processor.Structure.
# Info: [15002]: Optimizing design view:.work.processor.Structure
# Info: [8010]: Gated clock transformations: Begin...
# Info: [8010]: Gated clock transformations: End...
# Info: [8053]: Added global buffer BUFGP for Port port:clock
# Info: [3027]: Writing file: D:/CAD/cad_lib/ps/processor_Structure/processor_Structure_impl_1/processor.edf.
# Info: [3027]: Writing file: D:/CAD/cad_lib/ps/processor_Structure/processor_Structure_impl_1/processor.ucf.
# Info: [665]: Finished synthesizing design.
# Info: [11019]: Total CPU time for synthesis: 1 m 34.2 s secs.
# Info: [11020]: Overall running time for synthesis: 2 m 0.1 s secs.
# Info: HDL Designer Synthesis run finished
source D:/CAD/cad_lib/ps/processor_Structure/hds/precision.tcl
# COMMAND: report_area D:/CAD/cad_lib/ps/processor_Structure/processor_Structure_impl_1/processor_area.rep -cell_usage
report_area D:/CAD/cad_lib/ps/processor_Structure/processor_Structure_impl_1/processor_area.rep -cell_usage
# COMMAND: report_area D:/CAD/cad_lib/ps/processor_Structure/processor_Structure_impl_1/processor_area.rep -cell_usage
report_area D:/CAD/cad_lib/ps/processor_Structure/processor_Structure_impl_1/processor_area.rep -cell_usage
# COMMAND: report_area D:/CAD/cad_lib/ps/processor_Structure/processor_Structure_impl_1/processor_area.rep -cell_usage
report_area D:/CAD/cad_lib/ps/processor_Structure/processor_Structure_impl_1/processor_area.rep -cell_usage
# COMMAND: exit -force
# Warning: [9526]: Discarded unsaved work in implementation processor_Structure_impl_1.
# Info: [9565]: Appending project transcript to file G:/CAD/cad_lib/ps/processor_Structure/processor_Structure_impl_1/precision.log
# Info: [9565]: Appending suppressed messages transcript to file G:/CAD/cad_lib/ps/processor_Structure/processor_Structure_impl_1/precision.log.suppressed
# Info: [9550]: Activated implementation processor_Structure_impl_1 in project G:/CAD/cad_lib/ps/processor_Structure/processor_Structure.psp.
# Info: [9531]: Created directory: G:/CAD/cad_lib/ps/processor_Structure/processor_Structure_impl_2.
# Info: [9554]: Created implementation processor_Structure_impl_2 in project G:/CAD/cad_lib/ps/processor_Structure/processor_Structure.psp.
